  Compiler.cpp
C:\Users\jasyn\OneDrive - Państwowa Wyższa Szkoła Zawodowa w Nysie\PROGRAMOWANIE\HDL\nand2tetris\projects\10\Parser\Tokenizer.h(25,10): warning C4834: odrzucanie zwracanej wartości funkcji z atrybutem „nodiscard”
C:\Users\jasyn\OneDrive - Państwowa Wyższa Szkoła Zawodowa w Nysie\PROGRAMOWANIE\HDL\nand2tetris\projects\10\Parser\Tokenizer.h(59,1): warning C4267: "+=": konwersja z "size_t" do "int", możliwa utrata danych
C:\Users\jasyn\OneDrive - Państwowa Wyższa Szkoła Zawodowa w Nysie\PROGRAMOWANIE\HDL\nand2tetris\projects\10\Parser\Tokenizer.h(94,1): warning C4267: "+=": konwersja z "size_t" do "int", możliwa utrata danych
C:\Users\jasyn\OneDrive - Państwowa Wyższa Szkoła Zawodowa w Nysie\PROGRAMOWANIE\HDL\nand2tetris\projects\10\Parser\Tokenizer.h(162,14): warning C4244: "inicjowanie": konwersja z "std::streamoff" do "int", możliwa utrata danych
C:\Users\jasyn\OneDrive - Państwowa Wyższa Szkoła Zawodowa w Nysie\PROGRAMOWANIE\HDL\nand2tetris\projects\10\Parser\CodeGenerator.h(53,11): warning C4129: "c": nierozpoznany znak sekwencji ucieczki
C:\Users\jasyn\OneDrive - Państwowa Wyższa Szkoła Zawodowa w Nysie\PROGRAMOWANIE\HDL\nand2tetris\projects\10\Parser\CodeGenerator.h(287,2): warning C4091: "static ": zignorowano na lewo od "CodeGenerator" podczas gdy brak deklaracji zmiennej
C:\Users\jasyn\OneDrive - Państwowa Wyższa Szkoła Zawodowa w Nysie\PROGRAMOWANIE\HDL\nand2tetris\projects\10\Parser\CodeGenerator.h(45,4): warning C4552: „+”: Wynik wyrażenia nie jest używany
C:\Users\jasyn\OneDrive - Państwowa Wyższa Szkoła Zawodowa w Nysie\PROGRAMOWANIE\HDL\nand2tetris\projects\10\Parser\CodeGenerator.h(46,38): warning C4834: odrzucanie zwracanej wartości funkcji z atrybutem „nodiscard”
C:\Users\jasyn\OneDrive - Państwowa Wyższa Szkoła Zawodowa w Nysie\PROGRAMOWANIE\HDL\nand2tetris\projects\10\Parser\CodeGenerator.h(47,4): warning C4552: „+”: Wynik wyrażenia nie jest używany
C:\Users\jasyn\OneDrive - Państwowa Wyższa Szkoła Zawodowa w Nysie\PROGRAMOWANIE\HDL\nand2tetris\projects\10\Parser\NameMenager.h(99,33): warning C4101: "e": lokalna zmienna, do której nie istnieje odwołanie
C:\Users\jasyn\OneDrive - Państwowa Wyższa Szkoła Zawodowa w Nysie\PROGRAMOWANIE\HDL\nand2tetris\projects\10\Parser\ParserAndCodeGenerator.h(32,6): error C2086: "int ParserAndCodeGenerator::i": zmiana definicji
C:\Users\jasyn\OneDrive - Państwowa Wyższa Szkoła Zawodowa w Nysie\PROGRAMOWANIE\HDL\nand2tetris\projects\10\Parser\ParserAndCodeGenerator.h(31): message : zobacz deklarację „ParserAndCodeGenerator::i”
C:\Users\jasyn\OneDrive - Państwowa Wyższa Szkoła Zawodowa w Nysie\PROGRAMOWANIE\HDL\nand2tetris\projects\10\Parser\ParserAndCodeGenerator.h(113,1): warning C4805: "==": niebezpieczne połączenie typu "EnumToken" oraz typu "bool" w operacji
  NameMenager.cpp
C:\Users\jasyn\OneDrive - Państwowa Wyższa Szkoła Zawodowa w Nysie\PROGRAMOWANIE\HDL\nand2tetris\projects\10\Parser\NameMenager.h(99,33): warning C4101: "e": lokalna zmienna, do której nie istnieje odwołanie
  Parser.cpp
C:\Users\jasyn\OneDrive - Państwowa Wyższa Szkoła Zawodowa w Nysie\PROGRAMOWANIE\HDL\nand2tetris\projects\10\Parser\Tokenizer.h(25,10): warning C4834: odrzucanie zwracanej wartości funkcji z atrybutem „nodiscard”
C:\Users\jasyn\OneDrive - Państwowa Wyższa Szkoła Zawodowa w Nysie\PROGRAMOWANIE\HDL\nand2tetris\projects\10\Parser\Tokenizer.h(59,1): warning C4267: "+=": konwersja z "size_t" do "int", możliwa utrata danych
C:\Users\jasyn\OneDrive - Państwowa Wyższa Szkoła Zawodowa w Nysie\PROGRAMOWANIE\HDL\nand2tetris\projects\10\Parser\Tokenizer.h(94,1): warning C4267: "+=": konwersja z "size_t" do "int", możliwa utrata danych
C:\Users\jasyn\OneDrive - Państwowa Wyższa Szkoła Zawodowa w Nysie\PROGRAMOWANIE\HDL\nand2tetris\projects\10\Parser\Tokenizer.h(162,14): warning C4244: "inicjowanie": konwersja z "std::streamoff" do "int", możliwa utrata danych
C:\Users\jasyn\OneDrive - Państwowa Wyższa Szkoła Zawodowa w Nysie\PROGRAMOWANIE\HDL\nand2tetris\projects\10\Parser\CodeGenerator.h(53,11): warning C4129: "c": nierozpoznany znak sekwencji ucieczki
C:\Users\jasyn\OneDrive - Państwowa Wyższa Szkoła Zawodowa w Nysie\PROGRAMOWANIE\HDL\nand2tetris\projects\10\Parser\CodeGenerator.h(287,2): warning C4091: "static ": zignorowano na lewo od "CodeGenerator" podczas gdy brak deklaracji zmiennej
C:\Users\jasyn\OneDrive - Państwowa Wyższa Szkoła Zawodowa w Nysie\PROGRAMOWANIE\HDL\nand2tetris\projects\10\Parser\CodeGenerator.h(45,4): warning C4552: „+”: Wynik wyrażenia nie jest używany
C:\Users\jasyn\OneDrive - Państwowa Wyższa Szkoła Zawodowa w Nysie\PROGRAMOWANIE\HDL\nand2tetris\projects\10\Parser\CodeGenerator.h(46,38): warning C4834: odrzucanie zwracanej wartości funkcji z atrybutem „nodiscard”
C:\Users\jasyn\OneDrive - Państwowa Wyższa Szkoła Zawodowa w Nysie\PROGRAMOWANIE\HDL\nand2tetris\projects\10\Parser\CodeGenerator.h(47,4): warning C4552: „+”: Wynik wyrażenia nie jest używany
C:\Users\jasyn\OneDrive - Państwowa Wyższa Szkoła Zawodowa w Nysie\PROGRAMOWANIE\HDL\nand2tetris\projects\10\Parser\NameMenager.h(99,33): warning C4101: "e": lokalna zmienna, do której nie istnieje odwołanie
C:\Users\jasyn\OneDrive - Państwowa Wyższa Szkoła Zawodowa w Nysie\PROGRAMOWANIE\HDL\nand2tetris\projects\10\Parser\ParserAndCodeGenerator.h(32,6): error C2086: "int ParserAndCodeGenerator::i": zmiana definicji
C:\Users\jasyn\OneDrive - Państwowa Wyższa Szkoła Zawodowa w Nysie\PROGRAMOWANIE\HDL\nand2tetris\projects\10\Parser\ParserAndCodeGenerator.h(31): message : zobacz deklarację „ParserAndCodeGenerator::i”
C:\Users\jasyn\OneDrive - Państwowa Wyższa Szkoła Zawodowa w Nysie\PROGRAMOWANIE\HDL\nand2tetris\projects\10\Parser\ParserAndCodeGenerator.h(113,1): warning C4805: "==": niebezpieczne połączenie typu "EnumToken" oraz typu "bool" w operacji
  Generowanie kodu...
